[http://127.0.0.1:3000/admin-billing]
  error: Failed to load resource: the server responded with a status of 401 (Unauthorized)
  error: Failed to load resource: the server responded with a status of 401 (Unauthorized)
  error: Failed to load resource: the server responded with a status of 401 (Unauthorized)
  error: Failed to load resource: the server responded with a status of 401 (Unauthorized)
  error: Failed to load resource: the server responded with a status of 401 (Unauthorized)
  error: Failed to load resource: the server responded with a status of 401 (Unauthorized)
  error: Failed to load resource: the server responded with a status of 401 (Unauthorized)
  error: Failed to load resource: the server responded with a status of 401 (Unauthorized)
  error: Failed to load resource: the server responded with a status of 401 (Unauthorized)
  error: Failed to load resource: the server responded with a status of 401 (Unauthorized)
  error: Failed to load resource: the server responded with a status of 401 (Unauthorized)
  error: Failed to load resource: the server responded with a status of 401 (Unauthorized)

[http://127.0.0.1:3000/notifications]
  error: Failed to load resource: the server responded with a status of 401 (Unauthorized)
  error: Failed to load resource: the server responded with a status of 401 (Unauthorized)
  error: Failed to load resource: the server responded with a status of 401 (Unauthorized)
  error: Failed to load resource: the server responded with a status of 401 (Unauthorized)
  error: Failed to load resource: the server responded with a status of 401 (Unauthorized)
  error: Failed to load resource: the server responded with a status of 401 (Unauthorized)
  error: Failed to load resource: the server responded with a status of 401 (Unauthorized)
  error: Failed to load resource: the server responded with a status of 401 (Unauthorized)
  error: Failed to load resource: the server responded with a status of 401 (Unauthorized)
  error: Failed to load resource: the server responded with a status of 401 (Unauthorized)
  error: Failed to load resource: the server responded with a status of 401 (Unauthorized)
  error: Failed to load resource: the server responded with a status of 401 (Unauthorized)
  error: Failed to load resource: the server responded with a status of 401 (Unauthorized)
  error: Failed to load resource: the server responded with a status of 401 (Unauthorized)

[http://127.0.0.1:3000/notifications/1]
  error: Failed to load resource: the server responded with a status of 401 (Unauthorized)
  error: Failed to load resource: the server responded with a status of 401 (Unauthorized)
  error: Failed to load resource: the server responded with a status of 401 (Unauthorized)
  error: Failed to load resource: the server responded with a status of 401 (Unauthorized)
  error: Failed to load resource: the server responded with a status of 401 (Unauthorized)
  error: Failed to load resource: the server responded with a status of 401 (Unauthorized)
  error: Failed to load resource: the server responded with a status of 401 (Unauthorized)
  error: Failed to load resource: the server responded with a status of 401 (Unauthorized)
  error: Failed to load resource: the server responded with a status of 401 (Unauthorized)
  error: Failed to load resource: the server responded with a status of 401 (Unauthorized)
  error: Failed to load resource: the server responded with a status of 401 (Unauthorized)
  error: Failed to load resource: the server responded with a status of 401 (Unauthorized)

[http://127.0.0.1:3000/reports]
  error: Failed to load resource: the server responded with a status of 401 (Unauthorized)
  warning: [i18n] Missing translation for en:reports.title
  warning: [i18n] Missing translation for en:reports.sign_in_required
  warning: [i18n] Missing translation for en:dashboard.action.open_login
  error: Failed to load resource: the server responded with a status of 401 (Unauthorized)
  error: Failed to load resource: the server responded with a status of 401 (Unauthorized)
  error: Failed to load resource: the server responded with a status of 401 (Unauthorized)
  error: Failed to load resource: the server responded with a status of 401 (Unauthorized)
  error: Failed to load resource: the server responded with a status of 401 (Unauthorized)
  error: Failed to load resource: the server responded with a status of 401 (Unauthorized)
  error: Failed to load resource: the server responded with a status of 401 (Unauthorized)
  error: Failed to load resource: the server responded with a status of 401 (Unauthorized)
  error: Failed to load resource: the server responded with a status of 401 (Unauthorized)
  error: Failed to load resource: the server responded with a status of 401 (Unauthorized)

[http://127.0.0.1:3000/settings/users]
  warning: [i18n] Missing translation for en:shell.workspace.label
  warning: [i18n] Missing translation for en:shell.workspace.description
  warning: [i18n] Missing translation for en:shell.show_sidebar
  warning: [i18n] Missing translation for en:common.not_selected
  warning: [i18n] Missing translation for en:shell.factory_context
  warning: [i18n] Missing translation for en:shell.close_sidebar
  warning: [i18n] Missing translation for en:role.team_member
  warning: [i18n] Missing translation for en:shell.account_title
  warning: [i18n] Missing translation for en:shell.account_subtitle
  warning: [i18n] Missing translation for en:language.label
  warning: [i18n] Missing translation for en:language.english
  warning: [i18n] Missing translation for en:language.hindi
  warning: [i18n] Missing translation for en:language.marathi
  warning: [i18n] Missing translation for en:language.tamil
  warning: [i18n] Missing translation for en:language.gujarati
  warning: [i18n] Missing translation for en:shell.tips_title
  warning: [i18n] Missing translation for en:shell.tips_subtitle
  warning: [i18n] Missing translation for en:nav.profile.label
  warning: [i18n] Missing translation for en:shell.logout
  warning: [i18n] Missing translation for en:shell.switch_account
  warning: [i18n] Missing translation for en:shell.go_back
  warning: [i18n] Missing translation for en:nav.section.today
  warning: [i18n] Missing translation for en:nav.today_board.label
  warning: [i18n] Missing translation for en:nav.today_board.description
  warning: [i18n] Missing translation for en:nav.section.account
  warning: [i18n] Missing translation for en:nav.profile.description
  warning: [i18n] Missing translation for en:shell.hide_workspace
  warning: [i18n] Missing translation for en:shell.pinned
  warning: [i18n] Missing translation for en:settings.title

[http://127.0.0.1:3000/register] ERROR: page.goto: Timeout 30000ms exceeded.
Call log:
[2m  - navigating to "http://127.0.0.1:3000/register", waiting until "networkidle"[22m


[http://127.0.0.1:3000/reset-password] ERROR: page.goto: Timeout 30000ms exceeded.
Call log:
[2m  - navigating to "http://127.0.0.1:3000/reset-password", waiting until "networkidle"[22m


[http://127.0.0.1:3000/signup] ERROR: page.goto: Timeout 30000ms exceeded.
Call log:
[2m  - navigating to "http://127.0.0.1:3000/signup", waiting until "networkidle"[22m


[http://127.0.0.1:3000/sla] ERROR: page.goto: Timeout 30000ms exceeded.
Call log:
[2m  - navigating to "http://127.0.0.1:3000/sla", waiting until "networkidle"[22m


[http://127.0.0.1:3000/subprocessors] ERROR: page.goto: Timeout 30000ms exceeded.
Call log:
[2m  - navigating to "http://127.0.0.1:3000/subprocessors", waiting until "networkidle"[22m


[http://127.0.0.1:3000/approvals]
  error: Failed to load resource: the server responded with a status of 401 (Unauthorized)
  error: Failed to load resource: the server responded with a status of 401 (Unauthorized)
  error: Failed to load resource: the server responded with a status of 401 (Unauthorized)
  error: Failed to load resource: the server responded with a status of 401 (Unauthorized)
  error: Failed to load resource: the server responded with a status of 401 (Unauthorized)
  error: Failed to load resource: the server responded with a status of 401 (Unauthorized)
  error: Failed to load resource: the server responded with a status of 401 (Unauthorized)
  error: Failed to load resource: the server responded with a status of 401 (Unauthorized)
  error: Failed to load resource: the server responded with a status of 401 (Unauthorized)

[http://127.0.0.1:3000/ocr] ERROR: page.goto: Timeout 30000ms exceeded.
Call log:
[2m  - navigating to "http://127.0.0.1:3000/ocr", waiting until "networkidle"[22m


[http://127.0.0.1:3000/ocr/history]
  error: Failed to load resource: the server responded with a status of 401 (Unauthorized)
  error: Failed to load resource: the server responded with a status of 401 (Unauthorized)
  error: Failed to load resource: the server responded with a status of 401 (Unauthorized)
  error: Failed to load resource: the server responded with a status of 401 (Unauthorized)
  error: Failed to load resource: the server responded with a status of 401 (Unauthorized)
  error: Failed to load resource: the server responded with a status of 401 (Unauthorized)

[http://127.0.0.1:3000/ocr/verify]
  error: Maximum update depth exceeded. This can happen when a component calls setState inside useEffect, but useEffect either doesn't have a dependency array, or one of the dependencies changes on every render.
  error: Maximum update depth exceeded. This can happen when a component calls setState inside useEffect, but useEffect either doesn't have a dependency array, or one of the dependencies changes on every render.
  error: Failed to load resource: the server responded with a status of 401 (Unauthorized)
  error: Failed to load resource: the server responded with a status of 401 (Unauthorized)
  error: Failed to load resource: the server responded with a status of 401 (Unauthorized)
  error: Maximum update depth exceeded. This can happen when a component calls setState inside useEffect, but useEffect either doesn't have a dependency array, or one of the dependencies changes on every render.
  error: Maximum update depth exceeded. This can happen when a component calls setState inside useEffect, but useEffect either doesn't have a dependency array, or one of the dependencies changes on every render.
  error: Maximum update depth exceeded. This can happen when a component calls setState inside useEffect, but useEffect either doesn't have a dependency array, or one of the dependencies changes on every render.
  error: Maximum update depth exceeded. This can happen when a component calls setState inside useEffect, but useEffect either doesn't have a dependency array, or one of the dependencies changes on every render.
  error: Maximum update depth exceeded. This can happen when a component calls setState inside useEffect, but useEffect either doesn't have a dependency array, or one of the dependencies changes on every render.
  error: Maximum update depth exceeded. This can happen when a component calls setState inside useEffect, but useEffect either doesn't have a dependency array, or one of the dependencies changes on every render.
  error: Failed to load resource: the server responded with a status of 401 (Unauthorized)
  error: Failed to load resource: the server responded with a status of 401 (Unauthorized)
  error: Maximum update depth exceeded. This can happen when a component calls setState inside useEffect, but useEffect either doesn't have a dependency array, or one of the dependencies changes on every render.
  error: Maximum update depth exceeded. This can happen when a component calls setState inside useEffect, but useEffect either doesn't have a dependency array, or one of the dependencies changes on every render.
  error: Failed to load resource: the server responded with a status of 401 (Unauthorized)
  error: Failed to load resource: the server responded with a status of 401 (Unauthorized)
  error: Failed to load resource: the server responded with a status of 401 (Unauthorized)
  error: Maximum update depth exceeded. This can happen when a component calls setState inside useEffect, but useEffect either doesn't have a dependency array, or one of the dependencies changes on every render.
  error: Maximum update depth exceeded. This can happen when a component calls setState inside useEffect, but useEffect either doesn't have a dependency array, or one of the dependencies changes on every render.
  error: Maximum update depth exceeded. This can happen when a component calls setState inside useEffect, but useEffect either doesn't have a dependency array, or one of the dependencies changes on every render.
  error: Maximum update depth exceeded. This can happen when a component calls setState inside useEffect, but useEffect either doesn't have a dependency array, or one of the dependencies changes on every render.
  error: Maximum update depth exceeded. This can happen when a component calls setState inside useEffect, but useEffect either doesn't have a dependency array, or one of the dependencies changes on every render.
  error: Failed to load resource: the server responded with a status of 401 (Unauthorized)
  error: Maximum update depth exceeded. This can happen when a component calls setState inside useEffect, but useEffect either doesn't have a dependency array, or one of the dependencies changes on every render.
  error: Maximum update depth exceeded. This can happen when a component calls setState inside useEffect, but useEffect either doesn't have a dependency array, or one of the dependencies changes on every render.
  error: Maximum update depth exceeded. This can happen when a component calls setState inside useEffect, but useEffect either doesn't have a dependency array, or one of the dependencies changes on every render.

[http://127.0.0.1:3000/steel/dispatches/1]
  error: Failed to load resource: the server responded with a status of 401 (Unauthorized)
  error: Failed to load resource: the server responded with a status of 401 (Unauthorized)
  error: Failed to load resource: the server responded with a status of 401 (Unauthorized)
  error: Failed to load resource: the server responded with a status of 401 (Unauthorized)
  error: Failed to load resource: the server responded with a status of 401 (Unauthorized)

[http://127.0.0.1:3000/steel/financial-intelligence]
  error: Failed to load resource: the server responded with a status of 401 (Unauthorized)
  error: Failed to load resource: the server responded with a status of 401 (Unauthorized)
  error: Failed to load resource: the server responded with a status of 401 (Unauthorized)
  error: Failed to load resource: the server responded with a status of 401 (Unauthorized)
  error: Failed to load resource: the server responded with a status of 401 (Unauthorized)
  error: Failed to load resource: the server responded with a status of 401 (Unauthorized)
  error: Failed to load resource: the server responded with a status of 401 (Unauthorized)
  error: Failed to load resource: the server responded with a status of 401 (Unauthorized)
  error: Failed to load resource: the server responded with a status of 401 (Unauthorized)
  error: Failed to load resource: the server responded with a status of 401 (Unauthorized)
  error: Failed to load resource: the server responded with a status of 401 (Unauthorized)
  error: Failed to load resource: the server responded with a status of 401 (Unauthorized)
  error: Failed to load resource: the server responded with a status of 401 (Unauthorized)

[http://127.0.0.1:3000/work-queue]
  error: Failed to load resource: the server responded with a status of 401 (Unauthorized)
  error: Failed to load resource: the server responded with a status of 401 (Unauthorized)
  error: Failed to load resource: the server responded with a status of 401 (Unauthorized)
  error: Failed to load resource: the server responded with a status of 401 (Unauthorized)
  error: Failed to load resource: the server responded with a status of 401 (Unauthorized)
  error: Failed to load resource: the server responded with a status of 401 (Unauthorized)
  error: Failed to load resource: the server responded with a status of 401 (Unauthorized)
  error: Failed to load resource: the server responded with a status of 401 (Unauthorized)

